<?xml version="1.0" encoding="UTF-8"?>
<!-- Generated by org.testng.reporters.JUnitXMLReporter -->
<testsuite ignored="0" hostname="Nitins-MacBook-Pro.local" failures="5" tests="5" name="Default test" time="2.397" errors="0" timestamp="2024-02-25T18:17:02 PST">
  <testcase classname="io.cucumber.testng.AbstractTestNGCucumberTests" name="runScenario" time="1.396">
    <failure type="java.lang.NullPointerException" message="Cannot invoke &amp;quot;org.openqa.selenium.WebDriver.getTitle()&amp;quot; because &amp;quot;this.driver&amp;quot; is null">
      <![CDATA[java.lang.NullPointerException: Cannot invoke "org.openqa.selenium.WebDriver.getTitle()" because "this.driver" is null
at com.tekarch.salesforce.pages.base.BasePage.getPagetitle(BasePage.java:204)
at com.tekarch.salesforce.pages.login.LoginPage.getTitleOfThePage(LoginPage.java:44)
at stepdef.Login_stepdef.user_is_on_landing_page(Login_stepdef.java:46)
at ✽.User is on Landing Page(file:///Users/nitin/eclipseworkspace/Java/SalesforceTekarch_CucumberAutomation/src/test/resources/Features/Login.feature:4)
]]>
    </failure>
  </testcase> <!-- runScenario -->
  <testcase classname="io.cucumber.testng.AbstractTestNGCucumberTests" name="runScenario" time="0.024">
    <failure type="java.lang.NullPointerException" message="Cannot invoke &amp;quot;org.openqa.selenium.WebDriver.getTitle()&amp;quot; because &amp;quot;this.driver&amp;quot; is null">
      <![CDATA[java.lang.NullPointerException: Cannot invoke "org.openqa.selenium.WebDriver.getTitle()" because "this.driver" is null
at com.tekarch.salesforce.pages.base.BasePage.getPagetitle(BasePage.java:204)
at com.tekarch.salesforce.pages.login.LoginPage.getTitleOfThePage(LoginPage.java:44)
at stepdef.Login_stepdef.user_is_on_landing_page(Login_stepdef.java:46)
at ✽.User is on Landing Page(file:///Users/nitin/eclipseworkspace/Java/SalesforceTekarch_CucumberAutomation/src/test/resources/Features/Login.feature:4)
]]>
    </failure>
  </testcase> <!-- runScenario -->
  <testcase classname="io.cucumber.testng.AbstractTestNGCucumberTests" name="runScenario" time="0.023">
    <failure type="java.lang.NullPointerException" message="Cannot invoke &amp;quot;org.openqa.selenium.WebDriver.getTitle()&amp;quot; because &amp;quot;this.driver&amp;quot; is null">
      <![CDATA[java.lang.NullPointerException: Cannot invoke "org.openqa.selenium.WebDriver.getTitle()" because "this.driver" is null
at com.tekarch.salesforce.pages.base.BasePage.getPagetitle(BasePage.java:204)
at com.tekarch.salesforce.pages.login.LoginPage.getTitleOfThePage(LoginPage.java:44)
at stepdef.Login_stepdef.user_is_on_landing_page(Login_stepdef.java:46)
at ✽.User is on Landing Page(file:///Users/nitin/eclipseworkspace/Java/SalesforceTekarch_CucumberAutomation/src/test/resources/Features/Login.feature:4)
]]>
    </failure>
  </testcase> <!-- runScenario -->
  <testcase classname="io.cucumber.testng.AbstractTestNGCucumberTests" name="runScenario" time="0.014">
    <failure type="java.lang.NullPointerException" message="Cannot invoke &amp;quot;org.openqa.selenium.WebDriver.getTitle()&amp;quot; because &amp;quot;this.driver&amp;quot; is null">
      <![CDATA[java.lang.NullPointerException: Cannot invoke "org.openqa.selenium.WebDriver.getTitle()" because "this.driver" is null
at com.tekarch.salesforce.pages.base.BasePage.getPagetitle(BasePage.java:204)
at com.tekarch.salesforce.pages.login.LoginPage.getTitleOfThePage(LoginPage.java:44)
at stepdef.Login_stepdef.user_is_on_landing_page(Login_stepdef.java:46)
at ✽.User is on Landing Page(file:///Users/nitin/eclipseworkspace/Java/SalesforceTekarch_CucumberAutomation/src/test/resources/Features/Login.feature:4)
]]>
    </failure>
  </testcase> <!-- runScenario -->
  <testcase classname="io.cucumber.testng.AbstractTestNGCucumberTests" name="runScenario" time="0.015">
    <failure type="java.lang.NullPointerException" message="Cannot invoke &amp;quot;org.openqa.selenium.WebDriver.getTitle()&amp;quot; because &amp;quot;this.driver&amp;quot; is null">
      <![CDATA[java.lang.NullPointerException: Cannot invoke "org.openqa.selenium.WebDriver.getTitle()" because "this.driver" is null
at com.tekarch.salesforce.pages.base.BasePage.getPagetitle(BasePage.java:204)
at com.tekarch.salesforce.pages.login.LoginPage.getTitleOfThePage(LoginPage.java:44)
at stepdef.Login_stepdef.user_is_on_landing_page(Login_stepdef.java:46)
at ✽.User is on Landing Page(file:///Users/nitin/eclipseworkspace/Java/SalesforceTekarch_CucumberAutomation/src/test/resources/Features/Login.feature:4)
]]>
    </failure>
  </testcase> <!-- runScenario -->
</testsuite> <!-- Default test -->
