<?xml version="1.0" encoding="UTF-8"?>
<testsuite xmlns:xsi="http://www.w3.org/2001/XMLSchema-instance" xsi:noNamespaceSchemaLocation="https://maven.apache.org/surefire/maven-surefire-plugin/xsd/surefire-test-report-3.0.xsd" version="3.0" name="com.salesforce.runner.TestRunner" time="1.85" tests="1" errors="0" skipped="0" failures="1">
  <properties>
[...]
</properties>
  <testcase name="runScenario[&quot;Validate Error Message when Password is empty&quot;, &quot;Login Page Functionality&quot;](1)" classname="com.salesforce.runner.TestRunner" time="0.708">
    <failure message="Cannot invoke &quot;org.openqa.selenium.WebDriver.getTitle()&quot; because &quot;this.driver&quot; is null" type="java.lang.NullPointerException"><![CDATA[java.lang.NullPointerException: Cannot invoke "org.openqa.selenium.WebDriver.getTitle()" because "this.driver" is null
	at com.tekarch.salesforce.pages.base.BasePage.getPagetitle(BasePage.java:204)
	at com.tekarch.salesforce.pages.login.LoginPage.getTitleOfThePage(LoginPage.java:42)
	at stepdef.Login_stepdef.user_is_on_landing_page(Login_stepdef.java:35)
	at ✽.User is on Landing Page(file:///Users/nitin/eclipseworkspace/Java/SalesforceTekarch_CucumberAutomation/src/test/resources/Features/Login.feature:4)
]]></failure>
    <system-out><![CDATA[
Scenario: Validate Error Message when Password is empty                   # src/test/resources/Features/Login.feature:10
2024-02-23 13:25:30,482 INFO  Login_stepdef.java:30 - ........ Initialized a  driver and launched Url successfully---------------
  Given User is on Landing Page                                           # stepdef.Login_stepdef.user_is_on_landing_page()
      java.lang.NullPointerException: Cannot invoke "org.openqa.selenium.WebDriver.getTitle()" because "this.driver" is null
	at com.tekarch.salesforce.pages.base.BasePage.getPagetitle(BasePage.java:204)
	at com.tekarch.salesforce.pages.login.LoginPage.getTitleOfThePage(LoginPage.java:42)
	at stepdef.Login_stepdef.user_is_on_landing_page(Login_stepdef.java:35)
	at ✽.User is on Landing Page(file:///Users/nitin/eclipseworkspace/Java/SalesforceTekarch_CucumberAutomation/src/test/resources/Features/Login.feature:4)

  When User enters  valid "UserName" in a User name field                 # stepdef.Login_stepdef.user_enters_valid_in_a_user_name_field(java.lang.String)
  And leaves Password field empty                                         # stepdef.Login_stepdef.leaves_password_field_empty()
  And clicks login button                                                 # stepdef.Login_stepdef.clicks_login_button()
  Then Verify User should see "Please enter your password." error message # stepdef.Login_stepdef.verify_user_should_see_error_message(java.lang.String)
  And Verify user should  remain on a Login Page                          # stepdef.Login_stepdef.verify_user_should_remain_on_a_login_page()
]]></system-out>
    <system-err><![CDATA[SLF4J: No SLF4J providers were found.
SLF4J: Defaulting to no-operation (NOP) logger implementation
SLF4J: See https://www.slf4j.org/codes.html#noProviders for further details.
]]></system-err>
  </testcase>
</testsuite>