<?xml version="1.0" encoding="UTF-8"?>
<!-- Generated by org.testng.reporters.JUnitReportReporter -->
<testsuite hostname="Nitins-MacBook-Pro.local" failures="0" tests="1" name="com.salesforce.runner.TestRunner" time="0.706" errors="1" timestamp="2024-02-23T13:25:30 PST" skipped="0">
  <testcase classname="com.salesforce.runner.TestRunner" name="runScenario" time="0.706">
    <error message="Cannot invoke &quot;org.openqa.selenium.WebDriver.getTitle()&quot; because &quot;this.driver&quot; is null" type="java.lang.NullPointerException">
      <![CDATA[java.lang.NullPointerException: Cannot invoke "org.openqa.selenium.WebDriver.getTitle()" because "this.driver" is null
at com.tekarch.salesforce.pages.base.BasePage.getPagetitle(BasePage.java:204)
at com.tekarch.salesforce.pages.login.LoginPage.getTitleOfThePage(LoginPage.java:42)
at stepdef.Login_stepdef.user_is_on_landing_page(Login_stepdef.java:35)
at ✽.User is on Landing Page(file:///Users/nitin/eclipseworkspace/Java/SalesforceTekarch_CucumberAutomation/src/test/resources/Features/Login.feature:4)
]]>
    </error>
  </testcase> <!-- runScenario -->
  <system-out/>
</testsuite> <!-- com.salesforce.runner.TestRunner -->
